c:\users\ichan\source\repos\backyard tales\backyard tales\x64\debug\vc142.pdb
c:\users\ichan\source\repos\backyard tales\backyard tales\x64\debug\vc142.idb
c:\users\ichan\source\repos\backyard tales\backyard tales\x64\debug\gui.obj
c:\users\ichan\source\repos\backyard tales\backyard tales\x64\debug\eventhandler.obj
c:\users\ichan\source\repos\backyard tales\backyard tales\x64\debug\errormessage.obj
c:\users\ichan\source\repos\backyard tales\backyard tales\x64\debug\encrypt.obj
c:\users\ichan\source\repos\backyard tales\backyard tales\x64\debug\editor.obj
c:\users\ichan\source\repos\backyard tales\backyard tales\x64\debug\devtools.obj
c:\users\ichan\source\repos\backyard tales\backyard tales\x64\debug\delay.obj
c:\users\ichan\source\repos\backyard tales\backyard tales\x64\debug\cronjobs.obj
c:\users\ichan\source\repos\backyard tales\backyard tales\x64\debug\connectionerror.obj
c:\users\ichan\source\repos\backyard tales\backyard tales\x64\debug\connection.obj
c:\users\ichan\source\repos\backyard tales\backyard tales\x64\debug\connect.obj
c:\users\ichan\source\repos\backyard tales\backyard tales\x64\debug\confirm.obj
c:\users\ichan\source\repos\backyard tales\backyard tales\x64\debug\colors.obj
c:\users\ichan\source\repos\backyard tales\backyard tales\x64\debug\colorbootup.obj
c:\users\ichan\source\repos\backyard tales\backyard tales\x64\debug\clickable_text.obj
c:\users\ichan\source\repos\backyard tales\backyard tales\x64\debug\circle.obj
c:\users\ichan\source\repos\backyard tales\backyard tales\x64\debug\character.obj
c:\users\ichan\source\repos\backyard tales\backyard tales\x64\debug\button.obj
c:\users\ichan\source\repos\backyard tales\backyard tales\x64\debug\bootupeffect.obj
c:\users\ichan\source\repos\backyard tales\backyard tales\x64\debug\begin.obj
c:\users\ichan\source\repos\backyard tales\backyard tales\x64\debug\sessionmanager.obj
c:\users\ichan\source\repos\backyard tales\backyard tales\x64\debug\serverplayer.obj
c:\users\ichan\source\repos\backyard tales\backyard tales\x64\debug\sendinput.obj
c:\users\ichan\source\repos\backyard tales\backyard tales\x64\debug\roundedcircle.obj
c:\users\ichan\source\repos\backyard tales\backyard tales\x64\debug\register.obj
c:\users\ichan\source\repos\backyard tales\backyard tales\x64\debug\rectangle.obj
c:\users\ichan\source\repos\backyard tales\backyard tales\x64\debug\query.obj
c:\users\ichan\source\repos\backyard tales\backyard tales\x64\debug\player_db_conn.obj
c:\users\ichan\source\repos\backyard tales\backyard tales\x64\debug\player.obj
c:\users\ichan\source\repos\backyard tales\backyard tales\x64\debug\options.obj
c:\users\ichan\source\repos\backyard tales\backyard tales\x64\debug\menutheme.obj
c:\users\ichan\source\repos\backyard tales\backyard tales\x64\debug\menu.obj
c:\users\ichan\source\repos\backyard tales\backyard tales\x64\debug\mainmenu.obj
c:\users\ichan\source\repos\backyard tales\backyard tales\x64\debug\mail.obj
c:\users\ichan\source\repos\backyard tales\backyard tales\x64\debug\logo.obj
c:\users\ichan\source\repos\backyard tales\backyard tales\x64\debug\list.obj
c:\users\ichan\source\repos\backyard tales\backyard tales\x64\debug\keyboard.obj
c:\users\ichan\source\repos\backyard tales\backyard tales\x64\debug\gameobject.obj
c:\users\ichan\source\repos\backyard tales\backyard tales\x64\debug\verificationrealm.obj
c:\users\ichan\source\repos\backyard tales\backyard tales\x64\debug\md5.obj
c:\users\ichan\source\repos\backyard tales\backyard tales\x64\debug\dialogue.obj
c:\users\ichan\source\repos\backyard tales\backyard tales\x64\debug\welcome.obj
c:\users\ichan\source\repos\backyard tales\backyard tales\x64\debug\titlestate.obj
c:\users\ichan\source\repos\backyard tales\backyard tales\x64\debug\titleentity.obj
c:\users\ichan\source\repos\backyard tales\backyard tales\x64\debug\text.obj
c:\users\ichan\source\repos\backyard tales\backyard tales\x64\debug\state.obj
c:\users\ichan\source\repos\backyard tales\backyard tales\x64\debug\startstate.obj
c:\users\ichan\source\repos\backyard tales\backyard tales\x64\debug\main.obj
c:\users\ichan\source\repos\backyard tales\backyard tales\x64\debug\game.obj
c:\users\ichan\source\repos\backyard tales\x64\debug\backyard tales.exe
c:\users\ichan\source\repos\backyard tales\x64\debug\backyard tales.ilk
c:\users\ichan\source\repos\backyard tales\x64\debug\backyard tales.pdb
c:\users\ichan\source\repos\backyard tales\backyard tales\x64\debug\backyard tales.tlog\cl.command.1.tlog
c:\users\ichan\source\repos\backyard tales\backyard tales\x64\debug\backyard tales.tlog\cl.read.1.tlog
c:\users\ichan\source\repos\backyard tales\backyard tales\x64\debug\backyard tales.tlog\cl.write.1.tlog
c:\users\ichan\source\repos\backyard tales\backyard tales\x64\debug\backyard tales.tlog\link.command.1.tlog
c:\users\ichan\source\repos\backyard tales\backyard tales\x64\debug\backyard tales.tlog\link.read.1.tlog
c:\users\ichan\source\repos\backyard tales\backyard tales\x64\debug\backyard tales.tlog\link.write.1.tlog
