c:\users\ichan\source\repos\backyardtales\x64\release\backyard tales.ipdb
c:\users\ichan\source\repos\backyardtales\x64\release\backyard tales.iobj
c:\users\ichan\source\repos\backyardtales\x64\release\backyard tales.lib
c:\users\ichan\source\repos\backyardtales\x64\release\backyard tales.exp
c:\users\ichan\source\repos\backyardtales\backyard tales\x64\release\vc142.pdb
c:\users\ichan\source\repos\backyardtales\backyard tales\x64\release\pannel.obj
c:\users\ichan\source\repos\backyardtales\backyard tales\x64\release\menugui.obj
c:\users\ichan\source\repos\backyardtales\backyard tales\x64\release\menu.obj
c:\users\ichan\source\repos\backyardtales\backyard tales\x64\release\md5.obj
c:\users\ichan\source\repos\backyardtales\backyard tales\x64\release\main.obj
c:\users\ichan\source\repos\backyardtales\backyard tales\x64\release\logo.obj
c:\users\ichan\source\repos\backyardtales\backyard tales\x64\release\localplayer.obj
c:\users\ichan\source\repos\backyardtales\backyard tales\x64\release\keyboard.obj
c:\users\ichan\source\repos\backyardtales\backyard tales\x64\release\json.obj
c:\users\ichan\source\repos\backyardtales\backyard tales\x64\release\http.obj
c:\users\ichan\source\repos\backyardtales\backyard tales\x64\release\gui.obj
c:\users\ichan\source\repos\backyardtales\backyard tales\x64\release\game.obj
c:\users\ichan\source\repos\backyardtales\backyard tales\x64\release\downloadimage.obj
c:\users\ichan\source\repos\backyardtales\backyard tales\x64\release\datapacket.obj
c:\users\ichan\source\repos\backyardtales\backyard tales\x64\release\cookie.obj
c:\users\ichan\source\repos\backyardtales\backyard tales\x64\release\clickable_text.obj
c:\users\ichan\source\repos\backyardtales\backyard tales\x64\release\clickableimage.obj
c:\users\ichan\source\repos\backyardtales\backyard tales\x64\release\character.obj
c:\users\ichan\source\repos\backyardtales\backyard tales\x64\release\button.obj
c:\users\ichan\source\repos\backyardtales\backyard tales\x64\release\authorization.obj
c:\users\ichan\source\repos\backyardtales\backyard tales\x64\release\verificationrealm.obj
c:\users\ichan\source\repos\backyardtales\backyard tales\x64\release\jsoncpp.obj
c:\users\ichan\source\repos\backyardtales\backyard tales\x64\release\titlestate.obj
c:\users\ichan\source\repos\backyardtales\backyard tales\x64\release\titleentity.obj
c:\users\ichan\source\repos\backyardtales\backyard tales\x64\release\text.obj
c:\users\ichan\source\repos\backyardtales\backyard tales\x64\release\system.obj
c:\users\ichan\source\repos\backyardtales\backyard tales\x64\release\state.obj
c:\users\ichan\source\repos\backyardtales\backyard tales\x64\release\startstate.obj
c:\users\ichan\source\repos\backyardtales\backyard tales\x64\release\socket.obj
c:\users\ichan\source\repos\backyardtales\backyard tales\x64\release\roundedcircle.obj
c:\users\ichan\source\repos\backyardtales\backyard tales\x64\release\register.obj
c:\users\ichan\source\repos\backyardtales\backyard tales\x64\release\rectangle.obj
c:\users\ichan\source\repos\backyardtales\backyard tales\x64\release\ui.obj
c:\users\ichan\source\repos\backyardtales\backyard tales\x64\release\textbox.obj
c:\users\ichan\source\repos\backyardtales\backyard tales\x64\release\scrollablecanvas.obj
c:\users\ichan\source\repos\backyardtales\backyard tales\x64\release\clickablebutton.obj
c:\users\ichan\source\repos\backyardtales\backyard tales\x64\release\profiletab.obj
c:\users\ichan\source\repos\backyardtales\backyard tales\x64\release\grid.obj
c:\users\ichan\source\repos\backyardtales\backyard tales\x64\release\label.obj
c:\users\ichan\source\repos\backyardtales\backyard tales\x64\release\checkbox.obj
c:\users\ichan\source\repos\backyardtales\backyard tales\x64\release\forgotaccount.obj
c:\users\ichan\source\repos\backyardtales\backyard tales\x64\release\childwindow.obj
c:\users\ichan\source\repos\backyardtales\backyard tales\x64\release\errormessage.obj
c:\users\ichan\source\repos\backyardtales\backyard tales\x64\release\timerbutton.obj
c:\users\ichan\source\repos\backyardtales\backyard tales\x64\release\clickabletext.obj
c:\users\ichan\source\repos\backyardtales\backyard tales\x64\release\pregame.obj
c:\users\ichan\source\repos\backyardtales\backyard tales\x64\release\login.obj
c:\users\ichan\source\repos\backyardtales\backyard tales\x64\release\accountcreation.obj
c:\users\ichan\source\repos\backyardtales\backyard tales\x64\release\movement.obj
c:\users\ichan\source\repos\backyardtales\backyard tales\x64\release\gamestate.obj
c:\users\ichan\source\repos\backyardtales\backyard tales\x64\release\entity.obj
c:\users\ichan\source\repos\backyardtales\backyard tales\x64\release\animation.obj
c:\users\ichan\source\repos\backyardtales\backyard tales\x64\release\account.obj
c:\users\ichan\source\repos\backyardtales\backyard tales\x64\release\unix.obj
c:\users\ichan\source\repos\backyardtales\backyard tales\x64\release\protocol.obj
c:\users\ichan\source\repos\backyardtales\backyard tales\x64\release\peer.obj
c:\users\ichan\source\repos\backyardtales\backyard tales\x64\release\packet.obj
c:\users\ichan\source\repos\backyardtales\backyard tales\x64\release\compress.obj
c:\users\ichan\source\repos\backyardtales\backyard tales\x64\release\callbacks.obj
c:\users\ichan\source\repos\backyardtales\backyard tales\x64\release\win32.obj
c:\users\ichan\source\repos\backyardtales\backyard tales\x64\release\enetnetwork.obj
c:\users\ichan\source\repos\backyardtales\backyard tales\x64\release\playerflow.obj
c:\users\ichan\source\repos\backyardtales\backyard tales\x64\release\linearinterpolation.obj
c:\users\ichan\source\repos\backyardtales\backyard tales\x64\release\collider.obj
c:\users\ichan\source\repos\backyardtales\backyard tales\x64\release\chat.obj
c:\users\ichan\source\repos\backyardtales\backyard tales\x64\release\chatbox.obj
c:\users\ichan\source\repos\backyardtales\backyard tales\x64\release\map.obj
c:\users\ichan\source\repos\backyardtales\backyard tales\x64\release\camera.obj
c:\users\ichan\source\repos\backyardtales\backyard tales\x64\release\item.obj
c:\users\ichan\source\repos\backyardtales\backyard tales\x64\release\sword.obj
c:\users\ichan\source\repos\backyardtales\backyard tales\x64\release\editorstate.obj
c:\users\ichan\source\repos\backyardtales\backyard tales\x64\release\collision.obj
c:\users\ichan\source\repos\backyardtales\x64\release\backyard tales.exe
c:\users\ichan\source\repos\backyardtales\x64\release\backyard tales.pdb
c:\users\ichan\source\repos\backyardtales\backyard tales\x64\release\source.obj
c:\users\ichan\source\repos\backyardtales\backyard tales\x64\release\backyard tales.tlog\backyard tales.write.1u.tlog
c:\users\ichan\source\repos\backyardtales\backyard tales\x64\release\backyard tales.tlog\cl.command.1.tlog
c:\users\ichan\source\repos\backyardtales\backyard tales\x64\release\backyard tales.tlog\cl.read.1.tlog
c:\users\ichan\source\repos\backyardtales\backyard tales\x64\release\backyard tales.tlog\cl.write.1.tlog
c:\users\ichan\source\repos\backyardtales\backyard tales\x64\release\backyard tales.tlog\link.command.1.tlog
c:\users\ichan\source\repos\backyardtales\backyard tales\x64\release\backyard tales.tlog\link.delete.1.tlog
c:\users\ichan\source\repos\backyardtales\backyard tales\x64\release\backyard tales.tlog\link.read.1.tlog
c:\users\ichan\source\repos\backyardtales\backyard tales\x64\release\backyard tales.tlog\link.write.1.tlog
